{"ProviderName":"Microsoft-Windows-Security-Auditing","ProviderGuid":"{54849625-5478-4994-A5BA-3E3B0328C30D}","Qualifiers":"","EventID":5141,"Version":0,"Level":0,"Task":14081,"Opcode":0,"Keywords":"0x8020000000000000","TimeCreated":"2026-08-29 02:00:49 -0700","EventRecordID":101133,"ActivityID":"","RelatedActivityID":"","ProcessID":744,"ThreadID":856,"Channel":"Security","Computer":"DC01.ad.grimmwerk.lab","UserID":"","Message":"A directory service object was deleted.\r\n\t\r\nSubject:\r\n\tSecurity ID:\t\tS-1-5-21-1757393335-992402403-2468010962-500\r\n\tAccount Name:\t\tAdministrator\r\n\tAccount Domain:\t\tAD\r\n\tLogon ID:\t\t0x585AE1A\r\n\t\r\nDirectory Service:\r\n\tName:\tad.grimmwerk.lab\r\n\tType:\tActive Directory Domain Services\r\n\t\r\nObject:\r\n\tDN:\tCN=gw-sample-c5bcbe6d,CN=Users,DC=ad,DC=grimmwerk,DC=lab\r\n\tGUID:\t{8fab215b-8fea-45fe-9ff9-a1a3d3622bc4}\r\n\tClass:\tuser\r\n\t\r\nOperation:\r\n\tTree Delete:\tNo\r\n\tCorrelation ID:\t{64ab2d3a-f357-44be-8e77-3780bc4e8e8c}\r\n\tApplication Correlation ID:\t-","EventData":{"OpCorrelationID":"{64AB2D3A-F357-44BE-8E77-3780BC4E8E8C}","AppCorrelationID":"-","SubjectUserSid":"S-1-5-21-1757393335-992402403-2468010962-500","SubjectUserName":"Administrator","SubjectDomainName":"AD","SubjectLogonId":"0x585ae1a","DSName":"ad.grimmwerk.lab","DSType":"%%14676","ObjectDN":"CN=gw-sample-c5bcbe6d,CN=Users,DC=ad,DC=grimmwerk,DC=lab","ObjectGUID":"{8FAB215B-8FEA-45FE-9FF9-A1A3D3622BC4}","ObjectClass":"user","TreeDelete":"%%14679"}}
{"ProviderName":"Microsoft-Windows-Sysmon","ProviderGuid":"{5770385F-C22A-43E0-BF4C-06F5698FFBD9}","Qualifiers":"","EventID":19,"Version":3,"Level":4,"Task":19,"Opcode":0,"Keywords":"0x8000000000000000","TimeCreated":"2026-08-29 02:00:39 -0700","EventRecordID":1412691,"ActivityID":"{AA4DF701-3614-0000-C610-4EAA1436DD01}","RelatedActivityID":"","ProcessID":1240,"ThreadID":5744,"Channel":"Microsoft-Windows-Sysmon/Operational","Computer":"DC01.ad.grimmwerk.lab","UserID":"NT AUTHORITY\\SYSTEM","Message":"WmiEventFilter activity detected:\r\nRuleName: -\r\nEventType: WmiFilterEvent\r\nUtcTime: 2026-08-29 09:00:39.128\r\nOperation: Created\r\nUser: AD\\Administrator\r\nEventNamespace:  \"root\\\\cimv2\"\r\nName:  \"GrimmwerkLogLab-c5bcbe6d-ce52-4af7-ad8f-2b0c31742858\"\r\nQuery:  \"SELECT * FROM __InstanceCreationEvent WITHIN 60 WHERE TargetInstance ISA 'Win32_Process' AND TargetInstance.Name = 'never-c5bcbe6d-ce52-4af7-ad8f-2b0c31742858.exe'\"","EventData":{"RuleName":"-","EventType":"WmiFilterEvent","UtcTime":"2026-08-29 09:00:39.128","Operation":"Created","User":"AD\\Administrator","EventNamespace":" \"root\\\\cimv2\"","Name":" \"GrimmwerkLogLab-c5bcbe6d-ce52-4af7-ad8f-2b0c31742858\"","Query":" \"SELECT * FROM __InstanceCreationEvent WITHIN 60 WHERE TargetInstance ISA 'Win32_Process' AND TargetInstance.Name = 'never-c5bcbe6d-ce52-4af7-ad8f-2b0c31742858.exe'\""}}
{"ProviderName":"Microsoft-Windows-Sysmon","ProviderGuid":"{5770385F-C22A-43E0-BF4C-06F5698FFBD9}","Qualifiers":"","EventID":19,"Version":3,"Level":4,"Task":19,"Opcode":0,"Keywords":"0x8000000000000000","TimeCreated":"2026-08-29 02:00:39 -0700","EventRecordID":1413013,"ActivityID":"{AA4DF701-3614-0000-C610-4EAA1436DD01}","RelatedActivityID":"","ProcessID":1240,"ThreadID":1716,"Channel":"Microsoft-Windows-Sysmon/Operational","Computer":"DC01.ad.grimmwerk.lab","UserID":"NT AUTHORITY\\SYSTEM","Message":"WmiEventFilter activity detected:\r\nRuleName: -\r\nEventType: WmiFilterEvent\r\nUtcTime: 2026-08-29 09:00:39.672\r\nOperation: Deleted\r\nUser: AD\\Administrator\r\nEventNamespace:  \"root\\\\cimv2\"\r\nName:  \"GrimmwerkLogLab-c5bcbe6d-ce52-4af7-ad8f-2b0c31742858\"\r\nQuery:  \"SELECT * FROM __InstanceCreationEvent WITHIN 60 WHERE TargetInstance ISA 'Win32_Process' AND TargetInstance.Name = 'never-c5bcbe6d-ce52-4af7-ad8f-2b0c31742858.exe'\"","EventData":{"RuleName":"-","EventType":"WmiFilterEvent","UtcTime":"2026-08-29 09:00:39.672","Operation":"Deleted","User":"AD\\Administrator","EventNamespace":" \"root\\\\cimv2\"","Name":" \"GrimmwerkLogLab-c5bcbe6d-ce52-4af7-ad8f-2b0c31742858\"","Query":" \"SELECT * FROM __InstanceCreationEvent WITHIN 60 WHERE TargetInstance ISA 'Win32_Process' AND TargetInstance.Name = 'never-c5bcbe6d-ce52-4af7-ad8f-2b0c31742858.exe'\""}}
{"ProviderName":"Microsoft-Windows-Sysmon","ProviderGuid":"{5770385F-C22A-43E0-BF4C-06F5698FFBD9}","Qualifiers":"","EventID":20,"Version":3,"Level":4,"Task":20,"Opcode":0,"Keywords":"0x8000000000000000","TimeCreated":"2026-08-29 02:00:39 -0700","EventRecordID":1412732,"ActivityID":"{AA4DF701-3614-0000-C610-4EAA1436DD01}","RelatedActivityID":"","ProcessID":1240,"ThreadID":1716,"Channel":"Microsoft-Windows-Sysmon/Operational","Computer":"DC01.ad.grimmwerk.lab","UserID":"NT AUTHORITY\\SYSTEM","Message":"WmiEventConsumer activity detected:\r\nRuleName: -\r\nEventType: WmiConsumerEvent\r\nUtcTime: 2026-08-29 09:00:39.560\r\nOperation: Created\r\nUser: AD\\Administrator\r\nName:  \"GrimmwerkLogLab-c5bcbe6d-ce52-4af7-ad8f-2b0c31742858\"\r\nType: Command Line\r\nDestination:  \"cmd.exe /c exit 0\"","EventData":{"RuleName":"-","EventType":"WmiConsumerEvent","UtcTime":"2026-08-29 09:00:39.560","Operation":"Created","User":"AD\\Administrator","Name":" \"GrimmwerkLogLab-c5bcbe6d-ce52-4af7-ad8f-2b0c31742858\"","Type":"Command Line","Destination":" \"cmd.exe /c exit 0\""}}
{"ProviderName":"Microsoft-Windows-Sysmon","ProviderGuid":"{5770385F-C22A-43E0-BF4C-06F5698FFBD9}","Qualifiers":"","EventID":20,"Version":3,"Level":4,"Task":20,"Opcode":0,"Keywords":"0x8000000000000000","TimeCreated":"2026-08-29 02:00:39 -0700","EventRecordID":1413012,"ActivityID":"{AA4DF701-3614-0000-C610-4EAA1436DD01}","RelatedActivityID":"","ProcessID":1240,"ThreadID":1716,"Channel":"Microsoft-Windows-Sysmon/Operational","Computer":"DC01.ad.grimmwerk.lab","UserID":"NT AUTHORITY\\SYSTEM","Message":"WmiEventConsumer activity detected:\r\nRuleName: -\r\nEventType: WmiConsumerEvent\r\nUtcTime: 2026-08-29 09:00:39.670\r\nOperation: Deleted\r\nUser: AD\\Administrator\r\nName:  \"GrimmwerkLogLab-c5bcbe6d-ce52-4af7-ad8f-2b0c31742858\"\r\nType: Command Line\r\nDestination:  \"cmd.exe /c exit 0\"","EventData":{"RuleName":"-","EventType":"WmiConsumerEvent","UtcTime":"2026-08-29 09:00:39.670","Operation":"Deleted","User":"AD\\Administrator","Name":" \"GrimmwerkLogLab-c5bcbe6d-ce52-4af7-ad8f-2b0c31742858\"","Type":"Command Line","Destination":" \"cmd.exe /c exit 0\""}}
{"ProviderName":"Microsoft-Windows-Sysmon","ProviderGuid":"{5770385F-C22A-43E0-BF4C-06F5698FFBD9}","Qualifiers":"","EventID":21,"Version":3,"Level":4,"Task":21,"Opcode":0,"Keywords":"0x8000000000000000","TimeCreated":"2026-08-29 02:00:39 -0700","EventRecordID":1413005,"ActivityID":"{AA4DF701-3614-0000-C610-4EAA1436DD01}","RelatedActivityID":"","ProcessID":1240,"ThreadID":1716,"Channel":"Microsoft-Windows-Sysmon/Operational","Computer":"DC01.ad.grimmwerk.lab","UserID":"NT AUTHORITY\\SYSTEM","Message":"WmiEventConsumerToFilter activity detected:\r\nRuleName: -\r\nEventType: WmiBindingEvent\r\nUtcTime: 2026-08-29 09:00:39.663\r\nOperation: Created\r\nUser: AD\\Administrator\r\nConsumer:  \"CommandLineEventConsumer.Name=\\\"GrimmwerkLogLab-c5bcbe6d-ce52-4af7-ad8f-2b0c31742858\\\"\"\r\nFilter:  \"__EventFilter.Name=\\\"GrimmwerkLogLab-c5bcbe6d-ce52-4af7-ad8f-2b0c31742858\\\"\"","EventData":{"RuleName":"-","EventType":"WmiBindingEvent","UtcTime":"2026-08-29 09:00:39.663","Operation":"Created","User":"AD\\Administrator","Consumer":" \"CommandLineEventConsumer.Name=\\\"GrimmwerkLogLab-c5bcbe6d-ce52-4af7-ad8f-2b0c31742858\\\"\"","Filter":" \"__EventFilter.Name=\\\"GrimmwerkLogLab-c5bcbe6d-ce52-4af7-ad8f-2b0c31742858\\\"\""}}
{"ProviderName":"Microsoft-Windows-Sysmon","ProviderGuid":"{5770385F-C22A-43E0-BF4C-06F5698FFBD9}","Qualifiers":"","EventID":21,"Version":3,"Level":4,"Task":21,"Opcode":0,"Keywords":"0x8000000000000000","TimeCreated":"2026-08-29 02:00:39 -0700","EventRecordID":1413006,"ActivityID":"{AA4DF701-3614-0000-C610-4EAA1436DD01}","RelatedActivityID":"","ProcessID":1240,"ThreadID":1716,"Channel":"Microsoft-Windows-Sysmon/Operational","Computer":"DC01.ad.grimmwerk.lab","UserID":"NT AUTHORITY\\SYSTEM","Message":"WmiEventConsumerToFilter activity detected:\r\nRuleName: -\r\nEventType: WmiBindingEvent\r\nUtcTime: 2026-08-29 09:00:39.668\r\nOperation: Deleted\r\nUser: AD\\Administrator\r\nConsumer:  \"CommandLineEventConsumer.Name=\\\"GrimmwerkLogLab-c5bcbe6d-ce52-4af7-ad8f-2b0c31742858\\\"\"\r\nFilter:  \"__EventFilter.Name=\\\"GrimmwerkLogLab-c5bcbe6d-ce52-4af7-ad8f-2b0c31742858\\\"\"","EventData":{"RuleName":"-","EventType":"WmiBindingEvent","UtcTime":"2026-08-29 09:00:39.668","Operation":"Deleted","User":"AD\\Administrator","Consumer":" \"CommandLineEventConsumer.Name=\\\"GrimmwerkLogLab-c5bcbe6d-ce52-4af7-ad8f-2b0c31742858\\\"\"","Filter":" \"__EventFilter.Name=\\\"GrimmwerkLogLab-c5bcbe6d-ce52-4af7-ad8f-2b0c31742858\\\"\""}}
{"ProviderName":"Microsoft-Windows-TaskScheduler","ProviderGuid":"{DE7B24EA-73C8-4A09-985D-5BDADCFA9017}","Qualifiers":"","EventID":110,"Version":0,"Level":4,"Task":110,"Opcode":0,"Keywords":"0x8000000000000000","TimeCreated":"2026-08-29 02:00:39 -0700","EventRecordID":2410,"ActivityID":"{1787A667-BE1D-4E3A-BA64-F77C4ABE5890}","RelatedActivityID":"","ProcessID":1580,"ThreadID":5332,"Channel":"Microsoft-Windows-TaskScheduler/Operational","Computer":"DC01.ad.grimmwerk.lab","UserID":"NT AUTHORITY\\SYSTEM","Message":"Task Scheduler launched \"{1787a667-be1d-4e3a-ba64-f77c4abe5890}\"  instance of task \"\\Grimmwerk-LogLab-Sample\"  for user \"System\" .","EventData":{"TaskName":"\\Grimmwerk-LogLab-Sample","InstanceId":"{1787A667-BE1D-4E3A-BA64-F77C4ABE5890}","UserContext":"System"}}
{"ProviderName":"Microsoft-Windows-TaskScheduler","ProviderGuid":"{DE7B24EA-73C8-4A09-985D-5BDADCFA9017}","Qualifiers":"","EventID":325,"Version":0,"Level":3,"Task":325,"Opcode":0,"Keywords":"0x8000000000000000","TimeCreated":"2026-08-29 02:00:39 -0700","EventRecordID":2406,"ActivityID":"{1787A667-BE1D-4E3A-BA64-F77C4ABE5890}","RelatedActivityID":"","ProcessID":1580,"ThreadID":5332,"Channel":"Microsoft-Windows-TaskScheduler/Operational","Computer":"DC01.ad.grimmwerk.lab","UserID":"NT AUTHORITY\\SYSTEM","Message":"Task Scheduler queued instance \"{1787a667-be1d-4e3a-ba64-f77c4abe5890}\"  of task \"\\Grimmwerk-LogLab-Sample\".","EventData":{"TaskName":"\\Grimmwerk-LogLab-Sample","QueuedTaskInstanceId":"{1787A667-BE1D-4E3A-BA64-F77C4ABE5890}"}}
{"ProviderName":"Microsoft-Windows-WMI-Activity","ProviderGuid":"{1418EF04-B0B4-4623-BF7E-D74AB47BBDAA}","Qualifiers":"","EventID":5861,"Version":0,"Level":0,"Task":0,"Opcode":0,"Keywords":"0x4000000000000000","TimeCreated":"2026-08-29 02:00:39 -0700","EventRecordID":922,"ActivityID":"","RelatedActivityID":"","ProcessID":2736,"ThreadID":1268,"Channel":"Microsoft-Windows-WMI-Activity/Operational","Computer":"DC01.ad.grimmwerk.lab","UserID":"NT AUTHORITY\\SYSTEM","Message":"Namespace = //./root/subscription; Eventfilter = GrimmwerkLogLab-c5bcbe6d-ce52-4af7-ad8f-2b0c31742858 (refer to its activate eventid:5859); Consumer = CommandLineEventConsumer=\"GrimmwerkLogLab-c5bcbe6d-ce52-4af7-ad8f-2b0c31742858\"; PossibleCause = Binding EventFilter: \ninstance of __EventFilter\n{\n\tCreatorSID = {1, 5, 0, 0, 0, 0, 0, 5, 21, 0, 0, 0, 183, 177, 191, 104, 227, 219, 38, 59, 210, 219, 26, 147, 244, 1, 0, 0};\n\tEventNamespace = \"root\\\\cimv2\";\n\tName = \"GrimmwerkLogLab-c5bcbe6d-ce52-4af7-ad8f-2b0c31742858\";\n\tQuery = \"SELECT * FROM __InstanceCreationEvent WITHIN 60 WHERE TargetInstance ISA 'Win32_Process' AND TargetInstance.Name = 'never-c5bcbe6d-ce52-4af7-ad8f-2b0c31742858.exe'\";\n\tQueryLanguage = \"WQL\";\n};\nPerm. Consumer: \ninstance of CommandLineEventConsumer\n{\n\tCommandLineTemplate = \"cmd.exe /c exit 0\";\n\tCreatorSID = {1, 5, 0, 0, 0, 0, 0, 5, 21, 0, 0, 0, 183, 177, 191, 104, 227, 219, 38, 59, 210, 219, 26, 147, 244, 1, 0, 0};\n\tName = \"GrimmwerkLogLab-c5bcbe6d-ce52-4af7-ad8f-2b0c31742858\";\n};\n","EventData":{"Namespace":"//./root/subscription","ESS":"GrimmwerkLogLab-c5bcbe6d-ce52-4af7-ad8f-2b0c31742858","CONSUMER":"CommandLineEventConsumer=\"GrimmwerkLogLab-c5bcbe6d-ce52-4af7-ad8f-2b0c31742858\"","PossibleCause":"Binding EventFilter: \ninstance of __EventFilter\n{\n\tCreatorSID = {1, 5, 0, 0, 0, 0, 0, 5, 21, 0, 0, 0, 183, 177, 191, 104, 227, 219, 38, 59, 210, 219, 26, 147, 244, 1, 0, 0};\n\tEventNamespace = \"root\\\\cimv2\";\n\tName = \"GrimmwerkLogLab-c5bcbe6d-ce52-4af7-ad8f-2b0c31742858\";\n\tQuery = \"SELECT * FROM __InstanceCreationEvent WITHIN 60 WHERE TargetInstance ISA 'Win32_Process' AND TargetInstance.Name = 'never-c5bcbe6d-ce52-4af7-ad8f-2b0c31742858.exe'\";\n\tQueryLanguage = \"WQL\";\n};\nPerm. Consumer: \ninstance of CommandLineEventConsumer\n{\n\tCommandLineTemplate = \"cmd.exe /c exit 0\";\n\tCreatorSID = {1, 5, 0, 0, 0, 0, 0, 5, 21, 0, 0, 0, 183, 177, 191, 104, 227, 219, 38, 59, 210, 219, 26, 147, 244, 1, 0, 0};\n\tName = \"GrimmwerkLogLab-c5bcbe6d-ce52-4af7-ad8f-2b0c31742858\";\n};\n"}}
{"ProviderName":"Microsoft-Windows-Windows Defender","ProviderGuid":"{11CD958A-C507-4EF3-B3F2-5FD9DFBD2C78}","Qualifiers":"","EventID":1122,"Version":0,"Level":4,"Task":0,"Opcode":0,"Keywords":"0x8000000000000000","TimeCreated":"2026-08-29 02:00:39 -0700","EventRecordID":580,"ActivityID":"{1364B594-1AB7-4540-AFDC-01FF4DCD1F0A}","RelatedActivityID":"","ProcessID":3804,"ThreadID":2020,"Channel":"Microsoft-Windows-Windows Defender/Operational","Computer":"DC01.ad.grimmwerk.lab","UserID":"NT AUTHORITY\\SYSTEM","Message":"Microsoft Defender Exploit Guard audited an operation that is not allowed by your IT administrator.\r\n For more information please contact your IT administrator.\r\n \tID: E6DB77E5-3DF2-4CF1-B95A-636979351E5B\r\n \tDetection time: 2026-08-29T09:00:39.437Z\r\n \tUser: (unknown user)\r\n \tPath: \r\n \tProcess Name: C:\\Windows\\System32\\WindowsPowerShell\\v1.0\\powershell.exe\r\n \tTarget Commandline: \r\n \tParent Commandline: \"C:\\WINDOWS\\System32\\WindowsPowerShell\\v1.0\\powershell.exe\" -NoProfile -ExecutionPolicy Bypass -File C:\\Users\\Administrator\\run-interesting-events.ps1\r\n \tInvolved File: \r\n \tInheritance Flags: 0x00000000\r\n \tSecurity intelligence Version: 1.457.375.0\r\n \tEngine Version: 1.1.26070.7\r\n \tProduct Version: 4.18.26070.9\r\n","EventData":{"Product Name":"Microsoft Defender Antivirus","Product Version":"4.18.26070.9","Unused":"","ID":"E6DB77E5-3DF2-4CF1-B95A-636979351E5B","Detection Time":"2026-08-29T09:00:39.437Z","User":"(unknown user)","Path":"","Process Name":"C:\\Windows\\System32\\WindowsPowerShell\\v1.0\\powershell.exe","Security intelligence Version":"1.457.375.0","Engine Version":"1.1.26070.7","RuleType":"ENT\\ConsR","Target Commandline":"","Parent Commandline":"\"C:\\WINDOWS\\System32\\WindowsPowerShell\\v1.0\\powershell.exe\" -NoProfile -ExecutionPolicy Bypass -File C:\\Users\\Administrator\\run-interesting-events.ps1","Involved File":"","Inhertiance Flags":"0x00000000"}}
{"@timestamp":"2026-08-29T09:00:39.641Z","@metadata":{"beat":"winlogbeat","type":"_doc","version":"9.5.2"},"log":{"level":"information"},"message":"Namespace = //./root/subscription; Eventfilter = GrimmwerkLogLab-c5bcbe6d-ce52-4af7-ad8f-2b0c31742858 (refer to its activate eventid:5859); Consumer = CommandLineEventConsumer=\"GrimmwerkLogLab-c5bcbe6d-ce52-4af7-ad8f-2b0c31742858\"; PossibleCause = Binding EventFilter: \ninstance of __EventFilter\n{\n\tCreatorSID = {1, 5, 0, 0, 0, 0, 0, 5, 21, 0, 0, 0, 183, 177, 191, 104, 227, 219, 38, 59, 210, 219, 26, 147, 244, 1, 0, 0};\n\tEventNamespace = \"root\\\\cimv2\";\n\tName = \"GrimmwerkLogLab-c5bcbe6d-ce52-4af7-ad8f-2b0c31742858\";\n\tQuery = \"SELECT * FROM __InstanceCreationEvent WITHIN 60 WHERE TargetInstance ISA 'Win32_Process' AND TargetInstance.Name = 'never-c5bcbe6d-ce52-4af7-ad8f-2b0c31742858.exe'\";\n\tQueryLanguage = \"WQL\";\n};\nPerm. Consumer: \ninstance of CommandLineEventConsumer\n{\n\tCommandLineTemplate = \"cmd.exe /c exit 0\";\n\tCreatorSID = {1, 5, 0, 0, 0, 0, 0, 5, 21, 0, 0, 0, 183, 177, 191, 104, 227, 219, 38, 59, 210, 219, 26, 147, 244, 1, 0, 0};\n\tName = \"GrimmwerkLogLab-c5bcbe6d-ce52-4af7-ad8f-2b0c31742858\";\n};","host":{"name":"DC01.ad.grimmwerk.lab"},"ecs":{"version":"8.0.0"},"agent":{"ephemeral_id":"35bb2ed3-8113-4f35-b804-d60fa61149b2","id":"dc10cdcb-9dcb-42ae-b468-798b5a7ccf57","name":"DC01","type":"winlogbeat","version":"9.5.2"},"winlog":{"process":{"pid":2736,"thread":{"id":1268}},"channel":"Microsoft-Windows-WMI-Activity/Operational","task":"None","user":{"name":"SYSTEM","type":"User","identifier":"S-1-5-18","domain":"NT AUTHORITY"},"user_data":{"PossibleCause":"Binding EventFilter: \ninstance of __EventFilter\n{\n\tCreatorSID = {1, 5, 0, 0, 0, 0, 0, 5, 21, 0, 0, 0, 183, 177, 191, 104, 227, 219, 38, 59, 210, 219, 26, 147, 244, 1, 0, 0};\n\tEventNamespace = \"root\\\\cimv2\";\n\tName = \"GrimmwerkLogLab-c5bcbe6d-ce52-4af7-ad8f-2b0c31742858\";\n\tQuery = \"SELECT * FROM __InstanceCreationEvent WITHIN 60 WHERE TargetInstance ISA 'Win32_Process' AND TargetInstance.Name = 'never-c5bcbe6d-ce52-4af7-ad8f-2b0c31742858.exe'\";\n\tQueryLanguage = \"WQL\";\n};\nPerm. Consumer: \ninstance of CommandLineEventConsumer\n{\n\tCommandLineTemplate = \"cmd.exe /c exit 0\";\n\tCreatorSID = {1, 5, 0, 0, 0, 0, 0, 5, 21, 0, 0, 0, 183, 177, 191, 104, 227, 219, 38, 59, 210, 219, 26, 147, 244, 1, 0, 0};\n\tName = \"GrimmwerkLogLab-c5bcbe6d-ce52-4af7-ad8f-2b0c31742858\";\n};","xml_name":"Operation_ESStoConsumerBinding","Namespace":"//./root/subscription","ESS":"GrimmwerkLogLab-c5bcbe6d-ce52-4af7-ad8f-2b0c31742858","CONSUMER":"CommandLineEventConsumer=\"GrimmwerkLogLab-c5bcbe6d-ce52-4af7-ad8f-2b0c31742858\""},"event_id":"5861","provider_name":"Microsoft-Windows-WMI-Activity","record_id":922,"computer_name":"DC01.ad.grimmwerk.lab","opcode":"Info","provider_guid":"{1418ef04-b0b4-4623-bf7e-d74ab47bbdaa}"},"event":{"created":"2026-08-29T09:00:40.739Z","code":"5861","kind":"event","provider":"Microsoft-Windows-WMI-Activity","original":"<Event xmlns='http://schemas.microsoft.com/win/2004/08/events/event'><System><Provider Name='Microsoft-Windows-WMI-Activity' Guid='{1418ef04-b0b4-4623-bf7e-d74ab47bbdaa}'/><EventID>5861</EventID><Version>0</Version><Level>0</Level><Task>0</Task><Opcode>0</Opcode><Keywords>0x4000000000000000</Keywords><TimeCreated SystemTime='2026-08-29T09:00:39.6412223Z'/><EventRecordID>922</EventRecordID><Correlation/><Execution ProcessID='2736' ThreadID='1268'/><Channel>Microsoft-Windows-WMI-Activity/Operational</Channel><Computer>DC01.ad.grimmwerk.lab</Computer><Security UserID='S-1-5-18'/></System><UserData><Operation_ESStoConsumerBinding xmlns='http://manifests.microsoft.com/win/2006/windows/WMI'><Namespace>//./root/subscription</Namespace><ESS>GrimmwerkLogLab-c5bcbe6d-ce52-4af7-ad8f-2b0c31742858</ESS><CONSUMER>CommandLineEventConsumer=\"GrimmwerkLogLab-c5bcbe6d-ce52-4af7-ad8f-2b0c31742858\"</CONSUMER><PossibleCause>Binding EventFilter: \ninstance of __EventFilter\n{\n\tCreatorSID = {1, 5, 0, 0, 0, 0, 0, 5, 21, 0, 0, 0, 183, 177, 191, 104, 227, 219, 38, 59, 210, 219, 26, 147, 244, 1, 0, 0};\n\tEventNamespace = \"root\\\\cimv2\";\n\tName = \"GrimmwerkLogLab-c5bcbe6d-ce52-4af7-ad8f-2b0c31742858\";\n\tQuery = \"SELECT * FROM __InstanceCreationEvent WITHIN 60 WHERE TargetInstance ISA 'Win32_Process' AND TargetInstance.Name = 'never-c5bcbe6d-ce52-4af7-ad8f-2b0c31742858.exe'\";\n\tQueryLanguage = \"WQL\";\n};\nPerm. Consumer: \ninstance of CommandLineEventConsumer\n{\n\tCommandLineTemplate = \"cmd.exe /c exit 0\";\n\tCreatorSID = {1, 5, 0, 0, 0, 0, 0, 5, 21, 0, 0, 0, 183, 177, 191, 104, 227, 219, 38, 59, 210, 219, 26, 147, 244, 1, 0, 0};\n\tName = \"GrimmwerkLogLab-c5bcbe6d-ce52-4af7-ad8f-2b0c31742858\";\n};\n</PossibleCause></Operation_ESStoConsumerBinding></UserData><RenderingInfo Culture='en-US'><Message>Namespace = //./root/subscription; Eventfilter = GrimmwerkLogLab-c5bcbe6d-ce52-4af7-ad8f-2b0c31742858 (refer to its activate eventid:5859); Consumer = CommandLineEventConsumer=\"GrimmwerkLogLab-c5bcbe6d-ce52-4af7-ad8f-2b0c31742858\"; PossibleCause = Binding EventFilter: &#10;instance of __EventFilter&#10;{&#10;&#9;CreatorSID = {1, 5, 0, 0, 0, 0, 0, 5, 21, 0, 0, 0, 183, 177, 191, 104, 227, 219, 38, 59, 210, 219, 26, 147, 244, 1, 0, 0};&#10;&#9;EventNamespace = \"root\\\\cimv2\";&#10;&#9;Name = \"GrimmwerkLogLab-c5bcbe6d-ce52-4af7-ad8f-2b0c31742858\";&#10;&#9;Query = \"SELECT * FROM __InstanceCreationEvent WITHIN 60 WHERE TargetInstance ISA 'Win32_Process' AND TargetInstance.Name = 'never-c5bcbe6d-ce52-4af7-ad8f-2b0c31742858.exe'\";&#10;&#9;QueryLanguage = \"WQL\";&#10;};&#10;Perm. Consumer: &#10;instance of CommandLineEventConsumer&#10;{&#10;&#9;CommandLineTemplate = \"cmd.exe /c exit 0\";&#10;&#9;CreatorSID = {1, 5, 0, 0, 0, 0, 0, 5, 21, 0, 0, 0, 183, 177, 191, 104, 227, 219, 38, 59, 210, 219, 26, 147, 244, 1, 0, 0};&#10;&#9;Name = \"GrimmwerkLogLab-c5bcbe6d-ce52-4af7-ad8f-2b0c31742858\";&#10;};&#10;</Message><Level>Information</Level><Opcode>Info</Opcode><Provider>Microsoft-Windows-WMI-Activity</Provider></RenderingInfo></Event>","action":"None"}}
